Starting script...
datasets ['rocstories']
INFO using cuda
Training on 1 GPU
config.emb = False
Training Conditional BERT NSP on rocstories
=== START TRAIN ===
Num params: 111263233
Trainable: 111263233, Total: 111263233
Batch size: 64
Getting empty embedding...
Empty embedding shape: torch.Size([1, 80, 768])
Getting datasets...
Datasets loaded
Optimizer created
Creating data loaders...
Train loader length: 1378
Valid loader length: 157
Training steps: 13780, Warmup steps: 1378
Scheduler created
Starting training for 10 epochs...

=== EPOCH 1/10 ===
Model set to train mode
Creating tqdm...
